{
  "RSpec": {
    "coverage": {
      "/Users/jasminecheung/Makers/bookmarks_manager/spec/bookmark_spec.rb": {
        "lines": [
          1,
          1,
          1,
          1,
          null,
          null
        ]
      },
      "/Users/jasminecheung/Makers/bookmarks_manager/spec/features/viewing_bookmarks_spec.rb": {
        "lines": [
          1,
          1,
          1,
          1,
          null,
          null,
          1,
          1,
          1,
          1,
          1,
          1,
          null,
          null,
          null
        ]
      }
    },
    "timestamp": 1647280173
  }
}
